2018-04-11 20:56:57,558 ERROR [main] - Statistics - Statistics file `C:\Users\aishw\.scalaide\statistics` is corrupted. A new one is being created. Corrupted content was:

com.cedarsoftware.util.io.JsonIoException: error parsing JSON value
	at com.cedarsoftware.util.io.JsonReader.readObject(JsonReader.java:529)
	at com.cedarsoftware.util.io.JsonReader.jsonToJava(JsonReader.java:289)
	at com.cedarsoftware.util.io.JsonReader.jsonToJava(JsonReader.java:262)
	at org.scalaide.core.internal.statistics.Statistics.read(Statistics.scala:74)
	at org.scalaide.core.internal.statistics.Statistics.$anonfun$readStats$1(Statistics.scala:52)
	at org.scalaide.core.internal.statistics.Statistics.$anonfun$readStats$1$adapted(Statistics.scala:51)
	at org.scalaide.core.ScalaIdeDataStore$.$anonfun$validate$2(ScalaIdeDataStore.scala:59)
	at org.scalaide.util.eclipse.EclipseUtils$$anon$3.run(EclipseUtils.scala:230)
	at org.eclipse.core.runtime.SafeRunner.run(SafeRunner.java:42)
	at org.scalaide.util.eclipse.EclipseUtils$.withSafeRunner(EclipseUtils.scala:226)
	at org.scalaide.core.ScalaIdeDataStore$.validate(ScalaIdeDataStore.scala:59)
	at org.scalaide.core.internal.statistics.Statistics.readStats(Statistics.scala:51)
	at org.scalaide.core.internal.statistics.Statistics.<init>(Statistics.scala:30)
	at org.scalaide.core.internal.ScalaPlugin.stats$lzycompute(ScalaPlugin.scala:135)
	at org.scalaide.core.internal.ScalaPlugin.stats(ScalaPlugin.scala:135)
	at org.scalaide.core.internal.ScalaPlugin.statistics(ScalaPlugin.scala:138)
	at org.scalaide.core.internal.ScalaPlugin.start(ScalaPlugin.scala:109)
	at org.eclipse.osgi.internal.framework.BundleContextImpl$3.run(BundleContextImpl.java:779)
	at org.eclipse.osgi.internal.framework.BundleContextImpl$3.run(BundleContextImpl.java:1)
	at java.security.AccessController.doPrivileged(Native Method)
	at org.eclipse.osgi.internal.framework.BundleContextImpl.startActivator(BundleContextImpl.java:772)
	at org.eclipse.osgi.internal.framework.BundleContextImpl.start(BundleContextImpl.java:729)
	at org.eclipse.osgi.internal.framework.EquinoxBundle.startWorker0(EquinoxBundle.java:933)
	at org.eclipse.osgi.internal.framework.EquinoxBundle$EquinoxModule.startWorker(EquinoxBundle.java:309)
	at org.eclipse.osgi.container.Module.doStart(Module.java:581)
	at org.eclipse.osgi.container.Module.start(Module.java:449)
	at org.eclipse.osgi.framework.util.SecureAction.start(SecureAction.java:468)
	at org.eclipse.osgi.internal.hooks.EclipseLazyStarter.postFindLocalClass(EclipseLazyStarter.java:103)
	at org.eclipse.osgi.internal.loader.classpath.ClasspathManager.findLocalClass(ClasspathManager.java:529)
	at org.eclipse.osgi.internal.loader.ModuleClassLoader.findLocalClass(ModuleClassLoader.java:328)
	at org.eclipse.osgi.internal.loader.BundleLoader.findLocalClass(BundleLoader.java:368)
	at org.eclipse.osgi.internal.loader.BundleLoader.findClassInternal(BundleLoader.java:446)
	at org.eclipse.osgi.internal.loader.BundleLoader.findClass(BundleLoader.java:395)
	at org.eclipse.osgi.internal.loader.BundleLoader.findClass(BundleLoader.java:387)
	at org.eclipse.osgi.internal.loader.ModuleClassLoader.loadClass(ModuleClassLoader.java:150)
	at java.lang.ClassLoader.loadClass(Unknown Source)
	at org.eclipse.osgi.internal.framework.EquinoxBundle.loadClass(EquinoxBundle.java:564)
	at org.eclipse.core.internal.registry.osgi.RegistryStrategyOSGI.createExecutableExtension(RegistryStrategyOSGI.java:174)
	at org.eclipse.core.internal.registry.ExtensionRegistry.createExecutableExtension(ExtensionRegistry.java:905)
	at org.eclipse.core.internal.registry.ConfigurationElement.createExecutableExtension(ConfigurationElement.java:243)
	at org.eclipse.core.internal.registry.ConfigurationElementHandle.createExecutableExtension(ConfigurationElementHandle.java:55)
	at org.eclipse.ui.internal.registry.PerspectiveDescriptor.createFactory(PerspectiveDescriptor.java:75)
	at org.eclipse.ui.internal.WorkbenchPage.createPerspective(WorkbenchPage.java:4172)
	at org.eclipse.ui.internal.WorkbenchPage.setPerspective(WorkbenchPage.java:4081)
	at org.eclipse.ui.internal.WorkbenchWindow.setup(WorkbenchWindow.java:744)
	at sun.reflect.NativeMethodAccessorImpl.invoke0(Native Method)
	at sun.reflect.NativeMethodAccessorImpl.invoke(Unknown Source)
	at sun.reflect.DelegatingMethodAccessorImpl.invoke(Unknown Source)
	at java.lang.reflect.Method.invoke(Unknown Source)
	at org.eclipse.e4.core.internal.di.MethodRequestor.execute(MethodRequestor.java:55)
	at org.eclipse.e4.core.internal.di.InjectorImpl.processAnnotated(InjectorImpl.java:990)
	at org.eclipse.e4.core.internal.di.InjectorImpl.inject(InjectorImpl.java:124)
	at org.eclipse.e4.core.internal.di.InjectorImpl.inject(InjectorImpl.java:91)
	at org.eclipse.e4.core.contexts.ContextInjectionFactory.inject(ContextInjectionFactory.java:73)
	at org.eclipse.ui.internal.Workbench.createWorkbenchWindow(Workbench.java:1494)
	at org.eclipse.ui.internal.Workbench.getActiveWorkbenchWindow(Workbench.java:1468)
	at org.eclipse.ui.internal.services.WorkbenchSourceProvider.updateActiveShell(WorkbenchSourceProvider.java:907)
	at org.eclipse.ui.internal.services.WorkbenchSourceProvider.getCurrentState(WorkbenchSourceProvider.java:115)
	at org.eclipse.ui.internal.services.WorkbenchSourceProvider.lambda$2(WorkbenchSourceProvider.java:668)
	at org.eclipse.swt.widgets.EventTable.sendEvent(EventTable.java:86)
	at org.eclipse.swt.widgets.Display.filterEvent(Display.java:1271)
	at org.eclipse.swt.widgets.Widget.sendEvent(Widget.java:1078)
	at org.eclipse.swt.widgets.Widget.sendEvent(Widget.java:1103)
	at org.eclipse.swt.widgets.Widget.sendEvent(Widget.java:1088)
	at org.eclipse.swt.widgets.Decorations.WM_ACTIVATE(Decorations.java:1698)
	at org.eclipse.swt.widgets.Shell.WM_ACTIVATE(Shell.java:2277)
	at org.eclipse.swt.widgets.Control.windowProc(Control.java:4840)
	at org.eclipse.swt.widgets.Canvas.windowProc(Canvas.java:359)
	at org.eclipse.swt.widgets.Decorations.windowProc(Decorations.java:1657)
	at org.eclipse.swt.widgets.Shell.windowProc(Shell.java:2199)
	at org.eclipse.swt.widgets.Display.windowProc(Display.java:5178)
	at org.eclipse.swt.internal.win32.OS.BringWindowToTop(Native Method)
	at org.eclipse.swt.widgets.Decorations.bringToTop(Decorations.java:232)
	at org.eclipse.swt.widgets.Shell.open(Shell.java:1270)
	at org.eclipse.e4.ui.workbench.renderers.swt.WBWRenderer.postProcess(WBWRenderer.java:784)
	at org.eclipse.e4.ui.internal.workbench.swt.PartRenderingEngine.safeCreateGui(PartRenderingEngine.java:679)
	at org.eclipse.e4.ui.internal.workbench.swt.PartRenderingEngine.safeCreateGui(PartRenderingEngine.java:767)
	at org.eclipse.e4.ui.internal.workbench.swt.PartRenderingEngine.access$0(PartRenderingEngine.java:738)
	at org.eclipse.e4.ui.internal.workbench.swt.PartRenderingEngine$2.run(PartRenderingEngine.java:732)
	at org.eclipse.core.runtime.SafeRunner.run(SafeRunner.java:42)
	at org.eclipse.e4.ui.internal.workbench.swt.PartRenderingEngine.createGui(PartRenderingEngine.java:716)
	at org.eclipse.e4.ui.internal.workbench.swt.PartRenderingEngine$5.run(PartRenderingEngine.java:1076)
	at org.eclipse.core.databinding.observable.Realm.runWithDefault(Realm.java:336)
	at org.eclipse.e4.ui.internal.workbench.swt.PartRenderingEngine.run(PartRenderingEngine.java:1039)
	at org.eclipse.e4.ui.internal.workbench.E4Workbench.createAndRunUI(E4Workbench.java:153)
	at org.eclipse.ui.internal.Workbench.lambda$3(Workbench.java:680)
	at org.eclipse.core.databinding.observable.Realm.runWithDefault(Realm.java:336)
	at org.eclipse.ui.internal.Workbench.createAndRunWorkbench(Workbench.java:594)
	at org.eclipse.ui.PlatformUI.createAndRunWorkbench(PlatformUI.java:148)
	at org.eclipse.ui.internal.ide.application.IDEApplication.start(IDEApplication.java:151)
	at org.eclipse.equinox.internal.app.EclipseAppHandle.run(EclipseAppHandle.java:196)
	at org.eclipse.core.runtime.internal.adaptor.EclipseAppLauncher.runApplication(EclipseAppLauncher.java:134)
	at org.eclipse.core.runtime.internal.adaptor.EclipseAppLauncher.start(EclipseAppLauncher.java:104)
	at org.eclipse.core.runtime.adaptor.EclipseStarter.run(EclipseStarter.java:388)
	at org.eclipse.core.runtime.adaptor.EclipseStarter.run(EclipseStarter.java:243)
	at sun.reflect.NativeMethodAccessorImpl.invoke0(Native Method)
	at sun.reflect.NativeMethodAccessorImpl.invoke(Unknown Source)
	at sun.reflect.DelegatingMethodAccessorImpl.invoke(Unknown Source)
	at java.lang.reflect.Method.invoke(Unknown Source)
	at org.eclipse.equinox.launcher.Main.invokeFramework(Main.java:653)
	at org.eclipse.equinox.launcher.Main.basicRun(Main.java:590)
	at org.eclipse.equinox.launcher.Main.run(Main.java:1499)
Caused by: com.cedarsoftware.util.io.JsonIoException: EOF reached prematurely
	at com.cedarsoftware.util.io.JsonParser.error(JsonParser.java:584)
	at com.cedarsoftware.util.io.JsonParser.readValue(JsonParser.java:278)
	at com.cedarsoftware.util.io.JsonReader.readObject(JsonReader.java:521)
	... 101 more
2018-04-11 20:57:48,904  WARN [ModalContext] - ScalaProject - Project SparkScalaCourse has platform default sourceLevel.
2018-04-11 20:57:48,905  WARN [ModalContext] - ScalaProject - Project SparkScalaCourse runs on platform default installation.
2018-04-11 20:57:49,396  WARN [Worker-1] - ScalaProject - Project SparkScalaCourse has platform default sourceLevel.
2018-04-11 20:57:49,440  WARN [Worker-1] - ScalaProject - Project SparkScalaCourse runs on platform default installation.
2018-04-11 20:59:10,013  WARN [Worker-2] - ScalaProject - Project SparkScalaCourse has platform default sourceLevel.
2018-04-11 20:59:10,015  WARN [Worker-2] - ScalaProject - Project SparkScalaCourse runs on platform default installation.
2018-04-11 21:06:08,324  WARN [Worker-3] - ScalaProject - Project SparkScalaCourse has platform default sourceLevel.
2018-04-11 21:06:08,325  WARN [Worker-3] - ScalaProject - Project SparkScalaCourse runs on platform default installation.
2018-04-11 21:06:08,880  WARN [Java indexing] - ScalaProject - Project SparkScalaCourse has platform default sourceLevel.
2018-04-11 21:06:08,880  WARN [Java indexing] - ScalaProject - Project SparkScalaCourse runs on platform default installation.
2018-04-11 21:09:24,265  WARN [Worker-3] - ScalaProject - Project SparkScalaCourse has platform default sourceLevel.
2018-04-11 21:09:24,265  WARN [Worker-3] - ScalaProject - Project SparkScalaCourse runs on platform default installation.
2018-04-11 21:09:25,695  WARN [main] - ScalaProject - Project SparkScalaCourse has platform default sourceLevel.
2018-04-11 21:09:25,696  WARN [main] - ScalaProject - Project SparkScalaCourse runs on platform default installation.
2018-04-11 21:11:27,582  WARN [main] - org.scala-ide.sdt.core - org.scala-ide.sdt.core - org.scala-ide.sdt.core - 0 - Preference scala.compiler.sourceLevel was uninitialized for SparkScalaCourse, setting default to 2.12.
2018-04-11 21:29:41,403  WARN [ModalContext] - ScalaProject - Project LearningScala has platform default sourceLevel.
2018-04-11 21:29:41,404  WARN [ModalContext] - ScalaProject - Project LearningScala runs on platform default installation.
2018-04-11 21:29:41,600  WARN [Worker-12] - ScalaProject - Project LearningScala has platform default sourceLevel.
2018-04-11 21:29:41,600  WARN [Worker-12] - ScalaProject - Project LearningScala runs on platform default installation.
2018-04-11 21:30:45,144  WARN [Worker-12] - ScalaProject - Project LearningScala has platform default sourceLevel.
2018-04-11 21:30:45,144  WARN [Worker-12] - ScalaProject - Project LearningScala runs on platform default installation.
2018-04-11 21:31:20,432  WARN [org.eclipse.jface.text.reconciler.MonoReconciler] - ScalaProject - Project LearningScala has platform default sourceLevel.
2018-04-11 21:31:20,432  WARN [org.eclipse.jface.text.reconciler.MonoReconciler] - ScalaProject - Project LearningScala runs on platform default installation.
2018-04-11 21:58:45,388  WARN [Worker-12] - ScalaProject - Project LearningScala has platform default sourceLevel.
2018-04-11 21:58:45,388  WARN [Worker-12] - ScalaProject - Project LearningScala runs on platform default installation.
2018-04-11 21:58:46,468  WARN [Worker-7] - ScalaProject - Project LearningScala has platform default sourceLevel.
2018-04-11 21:58:46,469  WARN [Worker-7] - ScalaProject - Project LearningScala runs on platform default installation.
2018-04-11 22:11:08,891  WARN [Worker-12] - ScalaProject - Project LearningScala has platform default sourceLevel.
2018-04-11 22:11:08,891  WARN [Worker-12] - ScalaProject - Project LearningScala runs on platform default installation.
2018-04-11 22:11:11,939  WARN [Worker-18] - ScalaProject - Project LearningScala has platform default sourceLevel.
2018-04-11 22:11:11,939  WARN [Worker-18] - ScalaProject - Project LearningScala runs on platform default installation.
2018-04-11 22:11:12,253  WARN [org.eclipse.jface.text.reconciler.MonoReconciler] - ScalaProject - Project LearningScala has platform default sourceLevel.
2018-04-11 22:11:12,254  WARN [org.eclipse.jface.text.reconciler.MonoReconciler] - ScalaProject - Project LearningScala runs on platform default installation.
2018-04-11 22:11:12,316 ERROR [main] - org.scala-ide.sdt.core - org.scala-ide.sdt.core - org.scala-ide.sdt.core - 0 - Exception while reconciling worksheet
org.eclipse.core.internal.resources.ResourceException: Resource '/LearningScala/src/LearningScala1.sc' does not exist.
	at org.eclipse.core.internal.resources.Resource.checkExists(Resource.java:335)
	at org.eclipse.core.internal.resources.Resource.checkAccessible(Resource.java:209)
	at org.eclipse.core.internal.resources.File.getContents(File.java:275)
	at org.scalaide.core.resources.EclipseFile.input(EclipseFile.scala:104)
	at scala.reflect.io.AbstractFile.toByteArray(AbstractFile.scala:166)
	at scala.reflect.io.AbstractFile.toCharArray(AbstractFile.scala:160)
	at org.scalaide.worksheet.ScriptCompilationUnit.$anonfun$getContents$2(ScriptCompilationUnit.scala:53)
	at scala.Option.getOrElse(Option.scala:121)
	at org.scalaide.worksheet.ScriptCompilationUnit.getContents(ScriptCompilationUnit.scala:53)
	at org.scalaide.worksheet.ScriptCompilationUnit.lastSourceMap(ScriptCompilationUnit.scala:37)
	at org.scalaide.core.internal.compiler.ScalaPresentationCompiler.$anonfun$askReload$3(ScalaPresentationCompiler.scala:276)
	at scala.collection.immutable.List.map(List.scala:283)
	at org.scalaide.core.internal.compiler.ScalaPresentationCompiler.$anonfun$askReload$2(ScalaPresentationCompiler.scala:276)
	at org.scalaide.core.internal.compiler.ScalaPresentationCompiler.$anonfun$askReload$2$adapted(ScalaPresentationCompiler.scala:276)
	at org.scalaide.core.compiler.IScalaPresentationCompiler$.withResponse(IScalaPresentationCompiler.scala:307)
	at org.scalaide.core.internal.compiler.ScalaPresentationCompiler.askReload(ScalaPresentationCompiler.scala:276)
	at org.scalaide.core.internal.compiler.PresentationCompilerProxy.obtainPc$1(PresentationCompilerProxy.scala:95)
	at org.scalaide.core.internal.compiler.PresentationCompilerProxy.internal(PresentationCompilerProxy.scala:100)
	at org.scalaide.core.internal.compiler.PresentationCompilerProxy.apply(PresentationCompilerProxy.scala:58)
	at org.scalaide.core.compiler.InteractiveCompilationUnit.forceReconcile(InteractiveCompilationUnit.scala:150)
	at org.scalaide.core.compiler.InteractiveCompilationUnit.forceReconcile$(InteractiveCompilationUnit.scala:149)
	at org.scalaide.worksheet.ScriptCompilationUnit.forceReconcile(ScriptCompilationUnit.scala:26)
	at org.scalaide.worksheet.reconciler.ScalaReconcilingStrategy.reconcile(ScalaReconcilingStrategy.scala:29)
	at org.eclipse.jface.text.reconciler.MonoReconciler.process(MonoReconciler.java:73)
	at org.eclipse.jface.text.reconciler.AbstractReconciler$BackgroundThread.run(AbstractReconciler.java:207)
2018-04-11 22:12:16,519  WARN [Worker-20] - ScalaProject - Project LearningScala has platform default sourceLevel.
2018-04-11 22:12:16,519  WARN [Worker-20] - ScalaProject - Project LearningScala runs on platform default installation.
2018-04-11 22:12:16,844  WARN [Java indexing] - ScalaProject - Project LearningScala has platform default sourceLevel.
2018-04-11 22:12:16,844  WARN [Java indexing] - ScalaProject - Project LearningScala runs on platform default installation.
2018-04-11 22:12:51,624  WARN [Worker-12] - ScalaProject - Project LearningScala has platform default sourceLevel.
2018-04-11 22:12:51,624  WARN [Worker-12] - ScalaProject - Project LearningScala runs on platform default installation.
2018-04-11 22:13:18,794 ERROR [Text Viewer Hover Presenter] - IScalaPresentationCompiler$ - Ignoring InterruptException
2018-04-11 22:13:18,794 ERROR [Text Viewer Hover Presenter] - IScalaPresentationCompiler$ - Ignoring InterruptException
2018-04-11 22:13:18,794 ERROR [Text Viewer Hover Presenter] - IScalaPresentationCompiler$ - Ignoring InterruptException
2018-04-11 22:13:23,724  WARN [Worker-20] - ScalaProject - Project LearningScala has platform default sourceLevel.
2018-04-11 22:13:23,724  WARN [Worker-20] - ScalaProject - Project LearningScala runs on platform default installation.
2018-04-11 22:13:59,848  WARN [main] - ScalaProject - Project LearningScala has platform default sourceLevel.
2018-04-11 22:13:59,848  WARN [main] - ScalaProject - Project LearningScala runs on platform default installation.
2018-04-11 22:14:00,035  WARN [Worker-12] - ScalaProject - Project LearningScala has platform default sourceLevel.
2018-04-11 22:14:00,035  WARN [Worker-12] - ScalaProject - Project LearningScala runs on platform default installation.
2018-04-11 22:14:17,582  WARN [Worker-18] - ScalaProject - Project LearningScala has platform default sourceLevel.
2018-04-11 22:14:17,582  WARN [Worker-18] - ScalaProject - Project LearningScala runs on platform default installation.
2018-04-11 22:14:26,317  WARN [Worker-18] - ScalaProject - Project LearningScala has platform default sourceLevel.
2018-04-11 22:14:26,317  WARN [Worker-18] - ScalaProject - Project LearningScala runs on platform default installation.
2018-04-11 22:15:41,959  WARN [Worker-12] - ScalaProject - Project LearningScala has platform default sourceLevel.
2018-04-11 22:15:41,959  WARN [Worker-12] - ScalaProject - Project LearningScala runs on platform default installation.
2018-04-11 22:17:14,012  WARN [Worker-21] - ScalaProject - Project LearningScala has platform default sourceLevel.
2018-04-11 22:17:14,012  WARN [Worker-21] - ScalaProject - Project LearningScala runs on platform default installation.
2018-04-11 22:17:14,584  WARN [org.scalaide.ui.internal.reconciliation.ScalaReconciler] - ScalaProject - Project LearningScala has platform default sourceLevel.
2018-04-11 22:17:14,584  WARN [org.scalaide.ui.internal.reconciliation.ScalaReconciler] - ScalaProject - Project LearningScala runs on platform default installation.
2018-04-11 22:17:15,786  WARN [main] - ScalaProject - Project LearningScala has platform default sourceLevel.
2018-04-11 22:17:15,786  WARN [main] - ScalaProject - Project LearningScala runs on platform default installation.
2018-04-11 22:17:16,136  WARN [main] - ScalaProject - Project LearningScala has platform default sourceLevel.
2018-04-11 22:17:16,136  WARN [main] - ScalaProject - Project LearningScala runs on platform default installation.
2018-04-11 22:18:09,744  WARN [org.scalaide.ui.internal.reconciliation.ScalaReconciler] - ImplicitHighlightingPresenter - Timeout while waiting for `askLoadedTyped` during semantic highlighting.
2018-04-12 21:06:44,410 ERROR [Text Viewer Hover Presenter] - IScalaPresentationCompiler$ - Ignoring InterruptException
2018-04-12 21:06:44,420 ERROR [Text Viewer Hover Presenter] - IScalaPresentationCompiler$ - Ignoring InterruptException
2018-04-12 21:42:17,550 ERROR [Text Viewer Hover Presenter] - IScalaPresentationCompiler$ - Ignoring InterruptException
2018-04-12 21:42:17,572 ERROR [Text Viewer Hover Presenter] - IScalaPresentationCompiler$ - Ignoring InterruptException
2018-04-12 21:42:17,573 ERROR [Text Viewer Hover Presenter] - IScalaPresentationCompiler$ - Ignoring InterruptException
2018-04-12 21:42:17,574 ERROR [Text Viewer Hover Presenter] - IScalaPresentationCompiler$ - Ignoring InterruptException
2018-04-12 22:11:07,182  WARN [org.scalaide.ui.internal.reconciliation.ScalaReconciler] - TraverserImpl$ - Skipping annotation, position length = 0, position offset = 913
2018-04-12 22:11:11,816  WARN [org.scalaide.ui.internal.reconciliation.ScalaReconciler] - TraverserImpl$ - Skipping annotation, position length = 0, position offset = 916
2018-04-12 22:11:13,973  WARN [org.scalaide.ui.internal.reconciliation.ScalaReconciler] - TraverserImpl$ - Skipping annotation, position length = 0, position offset = 919
2018-04-12 22:11:13,973  WARN [org.scalaide.ui.internal.reconciliation.ScalaReconciler] - TraverserImpl$ - Skipping annotation, position length = 0, position offset = 919
2018-04-12 22:11:16,684  WARN [org.scalaide.ui.internal.reconciliation.ScalaReconciler] - TraverserImpl$ - Skipping annotation, position length = 0, position offset = 923
2018-04-12 22:11:16,685  WARN [org.scalaide.ui.internal.reconciliation.ScalaReconciler] - TraverserImpl$ - Skipping annotation, position length = 0, position offset = 923
2018-04-12 22:11:18,420  WARN [org.scalaide.ui.internal.reconciliation.ScalaReconciler] - TraverserImpl$ - Skipping annotation, position length = 0, position offset = 927
2018-04-12 22:11:18,422  WARN [org.scalaide.ui.internal.reconciliation.ScalaReconciler] - TraverserImpl$ - Skipping annotation, position length = 0, position offset = 927
2018-04-12 22:11:32,831 ERROR [Text Viewer Hover Presenter] - IScalaPresentationCompiler$ - Ignoring InterruptException
2018-04-12 22:11:32,832 ERROR [Text Viewer Hover Presenter] - IScalaPresentationCompiler$ - Ignoring InterruptException
2018-04-12 22:11:32,856  WARN [org.scalaide.ui.internal.reconciliation.ScalaReconciler] - TraverserImpl$ - Skipping annotation, position length = 0, position offset = 927
2018-04-12 22:11:32,860  WARN [org.scalaide.ui.internal.reconciliation.ScalaReconciler] - TraverserImpl$ - Skipping annotation, position length = 0, position offset = 927
2018-04-12 22:32:37,884 ERROR [Text Viewer Hover Presenter] - IScalaPresentationCompiler$ - Ignoring InterruptException
2018-04-12 22:32:37,885 ERROR [Text Viewer Hover Presenter] - IScalaPresentationCompiler$ - Ignoring InterruptException
2018-04-12 22:32:37,885 ERROR [Text Viewer Hover Presenter] - IScalaPresentationCompiler$ - Ignoring InterruptException
2018-04-12 22:32:37,885 ERROR [Text Viewer Hover Presenter] - IScalaPresentationCompiler$ - Ignoring InterruptException
2018-04-12 22:47:26,826 ERROR [Text Viewer Hover Presenter] - IScalaPresentationCompiler$ - Ignoring InterruptException
2018-04-12 22:47:26,826 ERROR [Text Viewer Hover Presenter] - IScalaPresentationCompiler$ - Ignoring InterruptException
2018-04-14 19:23:01,792  WARN [main] - ScalaProject - Project LearningScala has platform default sourceLevel.
2018-04-14 19:23:01,794  WARN [main] - ScalaProject - Project LearningScala runs on platform default installation.
2018-04-14 19:23:03,509  WARN [main] - org.scala-ide.sdt.core - org.scala-ide.sdt.core - org.scala-ide.sdt.core - 0 - Preference scala.compiler.sourceLevel was uninitialized for SparkScalaCourse, setting default to 2.12.
2018-04-14 19:23:04,780  WARN [Worker-3] - ScalaProject - Project LearningScala has platform default sourceLevel.
2018-04-14 19:23:04,783  WARN [Worker-3] - ScalaProject - Project LearningScala runs on platform default installation.
2018-04-14 19:24:23,100  WARN [org.scalaide.ui.internal.reconciliation.ScalaReconciler] - ImplicitHighlightingPresenter - Timeout while waiting for `askLoadedTyped` during semantic highlighting.
2018-04-14 19:33:41,614  WARN [ModalContext] - ScalaProject - Project LearningScala has platform default sourceLevel.
2018-04-14 19:33:41,614  WARN [ModalContext] - ScalaProject - Project LearningScala runs on platform default installation.
2018-04-14 19:38:13,216  WARN [main] - org.scala-ide.sdt.core - org.scala-ide.sdt.core - org.scala-ide.sdt.core - 0 - Preference scala.compiler.sourceLevel was uninitialized for SparkScalaCourse, setting default to 2.12.
2018-04-14 19:49:45,511  WARN [Worker-9] - ScalaProject - Project SparkScalaCourse has platform default sourceLevel.
2018-04-14 19:49:45,514  WARN [Worker-9] - ScalaProject - Project SparkScalaCourse runs on platform default installation.
2018-04-14 19:49:46,541  WARN [Worker-9] - ScalaProject - Project SparkScalaCourse has platform default sourceLevel.
2018-04-14 19:49:46,541  WARN [Worker-9] - ScalaProject - Project SparkScalaCourse runs on platform default installation.
2018-04-14 19:49:48,215  WARN [Worker-3] - ScalaProject - Project SparkScalaCourse has platform default sourceLevel.
2018-04-14 19:49:48,215  WARN [Worker-3] - ScalaProject - Project SparkScalaCourse runs on platform default installation.
2018-04-14 20:45:05,893 ERROR [Text Viewer Hover Presenter] - IScalaPresentationCompiler$ - Ignoring InterruptException
2018-04-14 20:45:05,894 ERROR [Text Viewer Hover Presenter] - IScalaPresentationCompiler$ - Ignoring InterruptException
2018-04-14 20:45:05,894 ERROR [Text Viewer Hover Presenter] - IScalaPresentationCompiler$ - Ignoring InterruptException
2018-04-14 20:48:57,128 ERROR [Text Viewer Hover Presenter] - IScalaPresentationCompiler$ - Ignoring InterruptException
2018-04-14 20:48:57,129 ERROR [Text Viewer Hover Presenter] - IScalaPresentationCompiler$ - Ignoring InterruptException
2018-04-14 20:48:57,129 ERROR [Text Viewer Hover Presenter] - IScalaPresentationCompiler$ - Ignoring InterruptException
2018-04-18 21:24:34,992  WARN [org.scalaide.ui.internal.reconciliation.ScalaReconciler] - CustomSemanticAction - Timeout while waiting for `askLoadedTyped` during semantic highlighting.
2018-04-18 21:24:36,503  WARN [org.scalaide.ui.internal.reconciliation.ScalaReconciler] - CallByNameParamAtCreationPresenter - Timeout while waiting for `askLoadedTyped` during semantic highlighting.
2018-04-18 21:29:45,314 ERROR [Text Viewer Hover Presenter] - IScalaPresentationCompiler$ - Ignoring InterruptException
2018-04-18 21:29:45,319 ERROR [Text Viewer Hover Presenter] - IScalaPresentationCompiler$ - Ignoring InterruptException
2018-04-18 21:29:45,320 ERROR [Text Viewer Hover Presenter] - IScalaPresentationCompiler$ - Ignoring InterruptException
2018-04-18 21:31:09,057  WARN [org.scalaide.ui.internal.reconciliation.ScalaReconciler] - ImplicitHighlightingPresenter - Timeout while waiting for `askLoadedTyped` during semantic highlighting.
2018-04-18 21:39:40,160  WARN [org.scalaide.ui.internal.reconciliation.ScalaReconciler] - CallByNameParamAtCreationPresenter - Timeout while waiting for `askLoadedTyped` during semantic highlighting.
2018-04-18 22:13:24,782 ERROR [Text Viewer Hover Presenter] - IScalaPresentationCompiler$ - Ignoring InterruptException
2018-04-18 22:13:24,783 ERROR [Text Viewer Hover Presenter] - IScalaPresentationCompiler$ - Ignoring InterruptException
2018-04-18 22:13:24,783 ERROR [Text Viewer Hover Presenter] - IScalaPresentationCompiler$ - Ignoring InterruptException
2018-04-20 13:46:45,754 ERROR [Text Viewer Hover Presenter] - IScalaPresentationCompiler$ - Ignoring InterruptException
